         w __deregister_frame_info
         w __register_frame_info
         w _ITM_deregisterTMCloneTable
         w _ITM_registerTMCloneTable
00000000 b .LANCHOR1
00000000 00000401 b __fixedpath
00000000 b _TLS_MODULE_BASE_
00000000 a shift
00000000 a shift
00000404 b .LANCHOR3
00000404 00000802 b __utf16path
00000c08 b .LANCHOR5
00000c08 00000802 b __utf16path_old.8577
00100000 A __start__
00100000 T _start
00100008 T __service_ptr
0010000c T __apt_appid
00100010 T __heap_size
00100014 T __linear_heap_size
00100018 T __system_arglist
0010001c T __system_runflags
00100020 t startup
00100058 t ClearMem
0010006c t ClrLoop
00100094 T _init
001000ac T initSystem
001000f0 T __ctru_exit
00100110 T __aeabi_idiv
00100110 00000220 T __divsi3
00100118 t .divsi3_skip_div0_test
00100330 00000020 T __aeabi_idivmod
00100350 00000004 W __aeabi_idiv0
00100350 00000004 W __aeabi_ldiv0
00100354 T __aeabi_uldivmod
001003a8 00000390 T strcmp
00100730 t .udivsi3_skip_div0_test
00100730 T __aeabi_uidiv
00100730 000001ec T __udivsi3
0010091c 00000020 T __aeabi_uidivmod
0010093c T __aeabi_drsub
00100944 000002b0 T __aeabi_dsub
00100944 000002b0 T __subdf3
00100948 000002ac T __adddf3
00100948 000002ac T __aeabi_dadd
00100bf4 00000024 T __aeabi_ui2d
00100bf4 00000024 T __floatunsidf
00100c18 00000028 T __aeabi_i2d
00100c18 00000028 T __floatsidf
00100c40 00000048 T __aeabi_f2d
00100c40 00000048 T __extendsfdf2
00100c88 00000074 T __aeabi_ul2d
00100c88 00000074 T __floatundidf
00100c9c 00000060 T __aeabi_l2d
00100c9c 00000060 T __floatdidf
00100cfc t deregister_tm_clones
00100d28 t register_tm_clones
00100d60 t __do_global_dtors_aux
00100da4 t frame_dummy
00100dd8 0000005c T main
00100e34 000001b8 T consoleDrawChar
00100fec 00000124 T consolePrintChar
00101110 00000164 t consoleCls
00101274 00000104 T consoleInit
00101378 00000114 t consoleClearLine
0010148c 000000c4 t newRow
00101550 000007b8 T con_write
00101d08 0000008c t gfxSetFramebufferInfo.part.0
00101d94 0000006c t gfxSetFramebufferInfo
00101e00 00000058 t gfxGetFramebuffer.part.1
00101e58 00000018 T __get_bytes_per_pixel
00101e70 00000184 T gfxSetScreenFormat
00101ff4 00000010 T gfxSetDoubleBuffering
00102004 00000210 T gfxInit
00102214 00000010 T gfxInitDefault
00102224 000000e0 T gfxExit
00102304 00000060 T gfxGetFramebuffer
00102364 000000cc T gfxFlushBuffers
00102430 000000f8 T gfxConfigScreen
00102528 00000020 T gfxSwapBuffers
00102548 00000020 T gfxSwapBuffersGpu
00102568 00000074 T gspInit
001025dc 0000003c T gspExit
00102618 000000a0 T gspInitEventHandler
001026b8 00000040 T gspExitEventHandler
001026f8 00000044 T gspWaitForEvent
0010273c 00000004 W gxCmdQueueInterrupt
00102740 00000178 t gspEventThreadMain
001028b8 0000006c T GSPGPU_SetBufferSwap
00102924 0000004c T GSPGPU_FlushDataCache
00102970 00000034 T GSPGPU_SetLcdForceBlack
001029a4 00000064 T GSPGPU_RegisterInterruptRelayQueue
00102a08 0000002c T GSPGPU_UnregisterInterruptRelayQueue
00102a34 00000048 T GSPGPU_AcquireRight
00102a7c 0000002c T GSPGPU_ReleaseRight
00102aa8 00000080 T GSPGPU_ImportDisplayCaptureInfo
00102b28 0000002c T GSPGPU_SaveVramSysArea
00102b54 0000002c T GSPGPU_RestoreVramSysArea
00102b80 00000004 W _aptDebug
00102b84 00000170 T aptSendCommand
00102cf4 0000003c t aptExitProcess
00102d30 0000004c T APT_InquireNotification
00102d7c 00000198 t aptEventHandler
00102f14 00000074 T APT_AppletUtility
00102f88 000000b0 T aptSetSleepAllowed
00103038 000000b0 T APT_GlanceParameter
001030e8 000000c4 T APT_ReceiveParameter
001031ac 000000bc t aptReceiveParameter.constprop.0
00103268 000001e0 t aptScreenTransfer
00103448 00000210 t aptWaitForWakeUp
00103658 00000070 T APT_CancelParameter
001036c8 0000025c T aptInit
00103924 00000088 t aptClearParamQueue
001039ac 00000208 T aptMainLoop
00103bb8 0000023c T aptExit
00103df4 0000007c T APT_CheckNew3DS
00103e70 00000028 t hidCheckSectionUpdateTime.part.0
00103e98 000000d0 T hidExit
00103f68 00000210 T hidScanInput
00104178 00000010 T hidKeysDown
00104188 00000090 T HIDUSER_GetHandles
00104218 000001a4 T hidInit
001043bc 00000038 W __libctru_init
001043f4 00000038 t __libctru_nanosleep
0010442c 00000030 t __ctru_get_reent
0010445c 000000fc T __system_initSyscalls
00104558 00000104 W __system_allocateHeaps
0010465c 000000f0 T __system_initArgv
0010474c T svcControlMemory
0010476c T svcExitProcess
00104774 T svcCreateThread
00104794 T svcExitThread
0010479c T svcSleepThread
001047a4 T svcReleaseMutex
001047ac T svcCreateEvent
001047c0 T svcSignalEvent
001047c8 T svcClearEvent
001047d0 T svcMapMemoryBlock
001047d8 T svcUnmapMemoryBlock
001047e0 T svcCreateAddressArbiter
001047f4 T svcArbitrateAddress
0010480c T svcCloseHandle
00104814 T svcWaitSynchronization
0010481c T svcWaitSynchronizationN
00104844 T svcDuplicateHandle
00104858 T svcGetSystemTick
00104860 T svcGetSystemInfo
00104878 T svcConnectToPort
0010488c T svcSendSyncRequest
00104894 T svcBreak
0010489c 00000024 t addrMapNodeComparator(rbtree_node const*, rbtree_node const*)
001048c0 00000004 t addrMapNodeDestructor(rbtree_node*)
001048c4 00000110 T vramMemAlign
001049d4 00000008 T vramAlloc
001049dc 00000050 T vramFree
00104a2c 00000024 t addrMapNodeComparator(rbtree_node const*, rbtree_node const*)
00104a50 00000004 t addrMapNodeDestructor(rbtree_node*)
00104a54 000000e4 T mappableAlloc
00104b38 00000050 T mappableFree
00104b88 00000024 t addrMapNodeComparator(rbtree_node const*, rbtree_node const*)
00104bac 00000004 t addrMapNodeDestructor(rbtree_node*)
00104bb0 0000011c T linearMemAlign
00104ccc 00000008 T linearAlloc
00104cd4 00000050 T linearFree
00104d24 00000090 T MemPool::CoalesceRight(MemBlock*)
00104db4 00000174 T MemPool::Allocate(MemChunk&, unsigned long, int)
00104f28 000000fc T MemPool::Deallocate(MemChunk const&)
00105024 00000038 t LightLock_Unlock.part.1
0010505c 0000000c T __sync_init
00105068 00000018 T __sync_fini
00105080 00000010 T __sync_get_arbiter
00105090 00000018 T LightLock_Init
001050a8 0000009c T LightLock_Lock
00105144 00000034 T LightLock_TryLock
00105178 00000020 T LightLock_Unlock
00105198 00000024 T RecursiveLock_Init
001051bc 00000030 T RecursiveLock_Lock
001051ec 00000058 T RecursiveLock_TryLock
00105244 00000038 T RecursiveLock_Unlock
0010527c 00000038 T LightEvent_Init
001052b4 0000007c T LightEvent_Clear
00105330 000000dc T LightEvent_Signal
0010540c 000000c0 T LightEvent_Wait
001054cc 00000058 t getSysTime
00105524 00000028 t __ctru_speedup_config.part.0
0010554c 00000024 T osGetMemRegionUsed
00105570 00000128 T __libctru_gtod
00105698 00000018 T __ctru_speedup_config
001056b0 00000058 T srvExit
00105708 00000038 T srvRegisterClient
00105740 000000c8 T srvInit
00105808 00000080 T srvGetServiceHandleDirect
00105888 00000038 T srvGetServiceHandle
001058c0 0000001c t threadFree.part.0
001058dc 00000194 T threadCreate
00105a70 00000024 T threadJoin
00105a94 00000068 T threadExit
00105afc 00000048 t _thread_begin
00105b44 000000ac T irrstScanInput
00105bf0 00000024 T irrstKeysHeld
00105c14 00000050 T IRRST_GetHandles
00105c64 00000154 T irrstInit
00105db8 0000002c T IRRST_Shutdown
00105de4 000000ac T irrstExit
00105e90 0000000c T srvPmGetSessionHandle
00105e9c 00000074 T ptmSysmInit
00105f10 0000003c T ptmSysmExit
00105f4c 00000034 T PTMSYSM_ConfigureNew3DSCPU
00105f80 00000014 T rbtree_init
00105f94 0000018c t do_insert
00106120 00000008 T rbtree_insert
00106128 00000090 T rbtree_rotate
001061b8 00000330 T rbtree_remove
001064e8 00000074 T rbtree_find
0010655c 0000001c W __appInit
00106578 0000001c W __appExit
00106594 000000a0 W __libctru_exit
00106634 00000080 T envGetHandle
001066b4 0000004c T envDestroyHandles
00106700 00000010 t sdmc_link
00106710 00000010 t sdmc_dirreset
00106720 00000010 t sdmc_chmod
00106730 00000024 t error_cmp
00106754 00000050 t sdmc_translate_error
001067a4 00000034 t sdmc_fsync
001067d8 00000054 t sdmc_ftruncate
0010682c 000000b8 t sdmc_statvfs
001068e4 00000038 t sdmc_dirclose
0010691c 0000012c t sdmc_dirnext
00106a48 00000034 t sdmc_close
00106a7c 00000074 t sdmc_fstat
00106af0 000000d8 t sdmc_seek
00106bc8 00000084 t sdmc_read
00106c4c 000000c0 t sdmc_write
00106d0c 000001b0 t sdmc_utf16path
00106ebc 00000074 t sdmc_rmdir
00106f30 000000a4 t sdmc_diropen
00106fd4 000000b0 t sdmc_chdir
00107084 00000094 t sdmc_mkdir
00107118 00000108 t sdmc_rename
00107220 00000074 t sdmc_unlink
00107294 00000108 t sdmc_stat
0010739c 00000198 t sdmc_open
00107534 00000010 t sdmc_fchmod
00107544 00000168 T sdmcInit
001076ac 00000060 T sdmcExit
0010770c 00000028 t fsSessionForArchive.part.0
00107734 000000c4 T fsInit
001077f8 0000003c T fsExit
00107834 00000064 T fsExemptFromSession
00107898 00000054 T fsUnexemptFromSession
001078ec 000000bc T FSUSER_OpenFile
001079a8 000000a4 T FSUSER_DeleteFile
00107a4c 000000dc T FSUSER_RenameFile
00107b28 000000a4 T FSUSER_DeleteDirectory
00107bcc 000000bc T FSUSER_CreateFile
00107c88 000000ac T FSUSER_CreateDirectory
00107d34 000000dc T FSUSER_RenameDirectory
00107e10 000000a0 T FSUSER_OpenDirectory
00107eb0 00000098 T FSUSER_OpenArchive
00107f48 00000070 T FSUSER_CloseArchive
00107fb8 00000078 T FSUSER_GetSdmcArchiveResource
00108030 00000064 T FSUSER_IsSdmcWritable
00108094 00000058 T FSFILE_Read
001080ec 00000064 T FSFILE_Write
00108150 00000038 T FSFILE_GetSize
00108188 00000028 T FSFILE_SetSize
001081b0 0000003c T FSFILE_Close
001081ec 00000024 T FSFILE_Flush
00108210 00000054 T FSDIR_Read
00108264 0000003c T FSDIR_Close
001082a0 00000078 T rbtree_node_next
00108318 000000c0 T utf8_to_utf16
001083d8 00000138 T decode_utf8
00108510 000000e8 T utf16_to_utf8
001085f8 T __aeabi_read_tp
00108604 00000068 T encode_utf16
0010866c 00000104 T encode_utf8
00108770 00000060 T decode_utf16
001087d0 0000002c T __aeabi_d2lz
001087d0 0000002c T __fixdfdi
00108800 00000040 T __aeabi_d2ulz
00108800 00000040 T __fixunsdfdi
00108840 00000128 T __udivmoddi4
00108968 0000007c T bsearch
001089e4 00000040 T __libc_fini_array
00108a24 0000007c T __libc_init_array
00108aa0 00000020 T memalign
00108ac0 0000014c T _memalign_r
00108c0c 00000018 T malloc
00108c24 00000018 T free
00108c3c 000007d8 T _malloc_r
00109414 00000100 T memchr
00109514 00000118 T memcpy
0010962c 00000114 T memset
00109740 0000000c T __malloc_lock
0010974c 0000000c T __malloc_unlock
00109758 000000e0 T _puts_r
00109838 00000018 T puts
00109850 0000025c T setvbuf
00109aac 00000074 T sscanf
00109b20 0000003c T __sread
00109b5c 00000008 T __seofread
00109b64 00000068 T __swrite
00109bcc 00000048 T __sseek
00109c14 00000008 T __sclose
00109c1c 0000005c T strlen
00109c78 00000098 T strncat
00109d10 000000e0 T strncpy
00109df0 0000005c T strnlen
00109e4c 00000048 t get_arg
00109e94 00002acc T __ssvfscanf_r
0010c960 00000054 T _wcrtomb_r
0010c9b4 00000020 T _wcsrtombs_r
0010c9d4 00000150 T __swsetup_r
0010cb24 00000270 T __sflush_r
0010cd94 00000094 T _fflush_r
0010ce28 00000078 t std
0010cea0 0000000c T _cleanup_r
0010ceac 0000008c T __sinit
0010cf38 0000000c T __sfp_lock_acquire
0010cf44 0000000c T __sfp_lock_release
0010cf50 000000f8 T _malloc_trim_r
0010d048 000002e4 T _free_r
0010d32c 000004a4 T __sfvwrite_r
0010d7d0 00000080 T _fwalk_reent
0010d850 00000008 T iswspace
0010d858 0000000c T _localeconv_r
0010d864 00000010 T __locale_mb_cur_max
0010d874 00000094 T __swhatbuf_r
0010d908 000000f4 T __smakebuf_r
0010d9fc 00000060 T _mbrtowc_r
0010da5c 000002fc T __utf8_mbtowc
0010dd58 00000154 T memmove
0010deac 00000020 T realloc
0010decc 000004bc T _realloc_r
0010e388 000000cc T __sccl
0010e454 0000000c T nanf
0010e460 00000064 T sprintf
0010e4c4 00000100 T stpncpy
0010e5c4 00000180 T strchr
0010e744 0000010c T strncmp
0010e850 00000054 t sulp
0010e8a8 000013c4 T _strtod_l
0010fc6c 0000000c T _strtod_r
0010fc78 0000025c t _strtoll_l.isra.0
0010fed4 00000004 T _strtoll_r
0010fed8 000001bc t _strtol_l.isra.0
00110094 00000004 T _strtol_r
00110098 0000025c t _strtoull_l.isra.0
001102f4 00000004 T _strtoull_r
001102f8 000001d0 t _strtoul_l.isra.0
001104c8 00000004 T _strtoul_r
001104cc 00000188 T __ssprint_r
00110654 000000e4 T _sungetc_r
00110738 0000006c T __ssrefill_r
001107a4 000000c8 T _sfread_r
0011086c 00000620 t get_arg
00110e90 000035c0 T _svfprintf_r
00114450 000000a4 T __submore
001144f4 00000184 T _wcsnrtombs_l
00114678 0000004c T _wcsnrtombs_r
001146c4 000000e8 T __utf8_wctomb
001147ac 000001c8 t quorem
00114978 000012ec T _dtoa_r
00115c64 00000160 T _fclose_r
00115dc4 000000ec t rshift
00115eb0 00000828 T __gethex
001166d8 00000060 T __match
00116738 00000254 T __hexnan
0011698c 0000003c T iswspace_l
001169c8 000001e0 t __jp2uc
00116ba8 00000094 T _jp2uc_l
00116c3c 00000088 T _Balloc
00116cc4 0000001c T _Bfree
00116ce0 000000e0 T __multadd
00116dc0 000000e4 T __s2b
00116ea4 00000058 T __hi0bits
00116efc 0000009c T __lo0bits
00116f98 00000020 T __i2b
00116fb8 000001c4 T __multiply
0011717c 00000100 T __pow5mult
0011727c 000000f4 T __lshift
00117370 0000005c T __mcmp
001173cc 00000168 T __mdiff
00117534 00000074 T __ulp
001175a8 000000d4 T __b2d
0011767c 00000100 T __d2b
0011777c 00000084 T __ratio
00117800 0000006c T __copybits
0011786c 00000078 T __any_on
001178e8 000000a8 T frexp
00117990 00000010 T nan
001179a0 00000094 T _calloc_r
00117a34 00000084 T category
00117ab8 00000008 t null_write
00117ac0 00000018 T setDefaultDevice
00117ad8 000000c8 T FindDevice
00117ba0 00000028 T RemoveDevice
00117bc8 0000009c T AddDevice
00117c64 00000084 T _close_r
00117ce8 00000074 T _fstat_r
00117d5c 00000008 T _isatty_r
00117d64 00000084 T _lseek_r
00117de8 00000080 T _read_r
00117e68 00000070 T _sbrk_r
00117ed8 00000080 T _write_r
00117f58 000001cc T _concatenate_path
00118124 0000015c T chdir
00118280 00000008 T __flockfile
00118288 00000008 T __funlockfile
00118290 00000018 T __libc_lock_acquire
001182a8 00000018 T __libc_lock_release
001182c0 00000018 T __libc_lock_init_recursive
001182d8 00000018 T __libc_lock_acquire_recursive
001182f0 00000018 T __libc_lock_release_recursive
00118308 00000018 T __libc_lock_close_recursive
00118320 0000008c T __release_handle
001183ac 00000018 T __get_handle
001183c4 00000028 T __getreent
001183ec 00000044 T strrchr
00118430 T _fini
00119000 R default_font_bin
00119800 R default_font_bin_end
00119800 R default_font_bin_size
00119820 00000030 r colorTable
001198a4 00000070 r dotab_stdout
00119924 00000014 r CSWTCH.56
00119938 00000008 r framebufferInfoSt
00119998 00000030 r error_table
001199e8 00000022 r basefix.8784
00119a0c 00000101 R _ctype_
00119b68 00000014 r fpi.7554
00119b7c 00000014 r fpinan.7590
00119b90 00000028 r tinytens
00119bb8 0000006c R __action_table
00119c24 00000100 R __chclass
00119d24 0000006c R __state_table
00119dcc 00000010 r blanks.8740
00119ddc 00000010 r zeroes.8741
00119dfc r .LC2
00119e00 00000100 R __hexdig
00119f14 000000bc r a1
00119fd0 000000bc r a2
0011a08c 0000005b r a3
0011a0e8 00000070 r a6
0011a158 000000a2 r a7
0011a1fc 00000040 r a8
0011a23c 0000172a r b02cf
0011b968 00001a7c r d02f4
0011d3e4 0000000c R _C_numeric_locale
0011d3f0 00000028 R __mprec_bigtens
0011d418 000000c8 R __mprec_tens
0011d4e0 0000000c r p05.7474
0011d4ec 0000309c r categories
00120590 00000070 R dotab_stdnull
00120600 00000003 R DIRECTORY_PARENT
00120604 r 
00120604 R __exidx_end
00120604 R __exidx_start
00121000 W __stacksize__
00121004 00000004 D currentConsole
00121008 0000004c D defaultConsole
00121054 00000001 d firstConsoleInit.8423
00121055 00000001 d botFormat
00121058 00000008 d doubleBuf
00121060 00000001 d topFormat
00121064 00000004 d gspLastEvent
00121068 00000004 d aptFlags
0012106c 00000004 V __ctru_linear_heap_size
00121070 00000401 d __cwd
00121474 00000070 d sdmc_devoptab
001214e4 00000004 D _impure_ptr
001214e8 00000460 d impure_data
00121948 00000408 D __malloc_av_
00121d50 00000004 D __malloc_sbrk_base
00121d54 00000004 D __malloc_trim_threshold
00121d58 0000000c d __malloc_recursive_mutex
00121d64 0000000c d __sfp_recursive_mutex
00121d70 0000000c d __sinit_recursive_mutex
00121d7c 0000016c D __global_locale
00121ee8 00000002 d numempty
00121eec 00000004 d defaultDevice
00121ef0 0000008c D devoptab_list
00121f7c 00000400 d _current_working_directory
0012237c 00000004 d __hndl_lock
00122380 0000000c d __stderr_handle
0012238c 0000000c d __stdin_handle
00122398 0000000c d __stdout_handle
001223a4 00001000 d handles
001233a4 t __frame_dummy_init_array_entry
001233a4 T __init_array_start
001233a4 B __preinit_array_end
001233a4 B __preinit_array_start
001233a4 D __tdata_lma
001233a4 D __tdata_lma_end
001233a4 D __TMC_END__
001233a4 d __TMC_LIST__
001233a8 t __do_global_dtors_aux_fini_array_entry
001233a8 T __fini_array_start
001233a8 T __init_array_end
001233ac T __bss_start__
001233ac T __fini_array_end
001233ac b saved_stack
001233b4 b completed.10351
001233b8 b object.10356
001233d0 00000002 b currentBuffer
001233d2 00000001 b enable3d
001233d4 00000004 b screenAlloc
001233d8 00000004 b screenFree
001233dc 00000004 b gspEvent
001233e0 0000001c b gspEventCb
001233fc 0000001c b gspEventCbData
00123418 00000007 b gspEventCbOneShot
00123420 0000001c b gspEventCounts
0012343c 00000004 b gspEventData
00123440 00000004 b gspEventThread
00123444 00000038 b gspEvents
0012347c 00000004 b gspRefCount
00123480 00000001 b gspRunEvents
00123481 00000001 b aptChainloadMediatype
00123488 00000008 b aptChainloadTid
00123490 00000004 b aptEventHandlerThread
00123494 0000000c b aptEvents
001234a0 0000000c b aptFirstHook
001234ac 00000001 b aptHomeButtonState
001234b0 00000004 b aptLockHandle
001234b4 00000004 b aptMessageFunc
001234b8 00000004 b aptMessageFuncData
001234bc 00001000 b aptParameters
001244bc 00000004 b aptRefCount
001244c0 00000008 b aptSleepEvent
001244c8 00000001 b flagInit.8274
001244c9 00000001 b flagValue.8275
001244cc 00000004 b serviceName.7913
001244d0 00000006 b aVec
001244d8 00000004 b cPos
001244dc 00000006 b gRate
001244e4 00000004 b hidRefCount
001244e8 00000004 b kDown
001244ec 00000004 b kHeld
001244f0 00000004 b kOld
001244f4 00000004 b kUp
001244f8 00000004 b tPos
001244fc 00000004 V __ctru_heap_size
00124500 0000000c b sAddrMap
0012450c 00000008 b sVramPool
00124514 00000008 b sMappablePool
0012451c 0000000c b sAddrMap
00124528 00000008 b sLinearPool
00124530 0000000c b sAddrMap
0012453c 00000004 b arbiter
00124540 00000001 V __ctru_speedup
00124544 00000004 b srvHandle
00124548 00000004 b srvRefCount
0012454c 00000004 b csPos
00124550 00000004 b irrstRefCount
00124554 00000004 b kHeld
00124558 00000004 b srvPmHandle
0012455c 00000004 b ptmSysmHandle
00124560 00000004 b ptmSysmRefCount
00124568 00000008 b sdmcArchive
00124570 00000001 b sdmcInitialised
00124578 00000080 b fsExemptArchives
001245f8 00000004 b fsuHandle
001245fc 00000004 b fsuRefCount
00124600 00000028 B __malloc_current_mallinfo
00124628 00000004 B __malloc_max_sbrked_mem
0012462c 00000004 B __malloc_max_total_mem
00124630 00000004 B __malloc_top_pad
00124634 00000004 b heap_start.7414
00124638 00000004 B fake_heap_end
0012463c 00000004 B fake_heap_start
00124640 00000400 b temp_cwd
00124a40 00000048 B __syscalls
00124a88 0000004c B currentCopy
00124ad4 00000008 B gfxBottomFramebuffers
00124adc 00000004 B gspSharedMemHandle
00124ae0 0000001c B bottomFramebufferInfo
00124afc 00000004 B gspEvent
00124b00 00000008 B gfxTopLeftFramebuffers
00124b08 00000008 B gfxTopRightFramebuffers
00124b10 0000001c B topFramebufferInfo
00124b2c 00000001 B gfxThreadID
00124b30 00000004 B gfxSharedMemory
00124b34 00000004 B gfxTopFramebufferMaxSize
00124b38 00000004 B gfxBottomFramebufferMaxSize
00124b3c 00000004 B gxCmdBuf
00124b40 00000004 B gspGpuHandle
00124b44 00000004 B hidMemHandle
00124b48 00000004 B hidHandle
00124b4c 00000004 B hidSharedMem
00124b50 00000014 B hidEvents
00124b64 00000004 B __system_retAddr
00124b68 00000004 B __ctru_linear_heap
00124b6c 00000004 B __ctru_heap
00124b70 00000004 B __system_argv
00124b74 00000004 B __system_argc
00124b78 00000004 B irrstHandle
00124b7c 00000004 B irrstEvent
00124b80 00000004 B irrstMemHandle
00124b84 00000004 B irrstSharedMem
00124b88 B __tls_start
00125f94 B __bss_end__
00125f94 A __end__
00125f94 B __tls_end
